<?xml version="1.0" encoding="utf-8"?>
<doi_batch xmlns="http://www.crossref.org/schema/4.3.6" xmlns:xsi="http://www.w3.org/2001/XMLSchema-instance" xmlns:jats="http://www.ncbi.nlm.nih.gov/JATS1" xmlns:ai="http://www.crossref.org/AccessIndicators.xsd" version="4.3.6" xsi:schemaLocation="http://www.crossref.org/schema/4.3.6 https://www.crossref.org/schemas/crossref4.3.6.xsd">
  <head>
    <doi_batch_id>_1555328050</doi_batch_id>
    <timestamp>1555328050</timestamp>
    <depositor>
      <depositor_name>censci</depositor_name>
      <email_address>office@gsjp.eu</email_address>
    </depositor>
    <registrant>Одесская Национальная академия пищевых технологий</registrant>
  </head>
  <body>
    <journal>
      <journal_metadata>
        <full_title>Automation of technological and business processes</full_title>
        <abbrev_title>ATBP</abbrev_title>
        <issn media_type="electronic">2312-931X</issn>
        <issn media_type="print">2312-3125</issn>
      </journal_metadata>
      <journal_issue>
        <publication_date media_type="online">
          <month>01</month>
          <day>29</day>
          <year>2019</year>
        </publication_date>
        <journal_volume>
          <volume>10</volume>
        </journal_volume>
        <issue>4</issue>
      </journal_issue>
      <journal_article xmlns:jats="http://www.ncbi.nlm.nih.gov/JATS1" publication_type="full_text" metadata_distribution_opts="any">
        <titles>
          <title>РОЛИКОВИЙ ВУЗОЛ СТРІЧКОВОГО  ТРАНСПОРТЕРА</title>
        </titles>
        <contributors>
          <person_name contributor_role="author" sequence="first">
            <given_name>А. К.</given_name>
            <surname>Сандлер</surname>
          </person_name>
          <person_name contributor_role="author" sequence="first">
            <given_name>О. В.</given_name>
            <surname>Дрозд</surname>
          </person_name>
        </contributors>
        <jats:abstract xmlns:jats="http://www.ncbi.nlm.nih.gov/JATS1">
          <jats:p>Розглянуті відомі конструкції роликових опор стрічкових транспортерів, як елементу вантажної системи судна. Визначені недоліки та шляхи вдосконалення. Запропоновано нове схемотехнічне рішення роликової опори.</jats:p>
        </jats:abstract>
        <publication_date media_type="online">
          <month>12</month>
          <day>24</day>
          <year>2018</year>
        </publication_date>
        <pages>
          <first_page>73</first_page>
          <last_page>76</last_page>
        </pages>
        <doi_data>
          <doi>10.15673/atbp.v10i4.1237</doi>
          <resource>//journals.onaft.edu.ua/index.php/atbp/article/view/1237</resource>
          <collection property="crawler-based">
            <item crawler="iParadigms">
              <resource>//journals.onaft.edu.ua/index.php/atbp/article/download/1237/1242</resource>
            </item>
          </collection>
          <collection property="text-mining">
            <item>
              <resource mime_type="application/pdf">//journals.onaft.edu.ua/index.php/atbp/article/download/1237/1242</resource>
            </item>
          </collection>
        </doi_data>
      </journal_article>
    </journal>
  </body>
</doi_batch>
